  Character.cpp
  Gun.cpp
C:\Users\Lenovo\Desktop\github\sf3_02\project_07\Gun.cpp(4,12): error C2512: 'Weapon': 사용할 수 있는 적절한 기본 생성자가 없습니다.
C:\Users\Lenovo\Desktop\github\sf3_02\project_07\Weapon.h(5,7): message : 'Weapon' 선언을 참조하십시오.
  Knife.cpp
C:\Users\Lenovo\Desktop\github\sf3_02\project_07\Knife.cpp(4,16): error C2512: 'Weapon': 사용할 수 있는 적절한 기본 생성자가 없습니다.
C:\Users\Lenovo\Desktop\github\sf3_02\project_07\Weapon.h(5,7): message : 'Weapon' 선언을 참조하십시오.
  Weapon.cpp
  project_07.cpp
C:\Users\Lenovo\Desktop\github\sf3_02\project_07\project_07.cpp(52,18): error C2679: 이항 '<<': 오른쪽 피연산자로 'void' 형식을 사용하는 연산자가 없거나 허용되는 변환이 없습니다.
C:\Program Files\Microsoft Visual Studio\2022\Community\VC\Tools\MSVC\14.37.32822\include\ostream(481,39): message : 'std::basic_ostream<char,std::char_traits<char>> &std::basic_ostream<char,std::char_traits<char>>::operator <<(std::basic_streambuf<char,std::char_traits<char>> *)'일 수 있습니다.
C:\Program Files\Microsoft Visual Studio\2022\Community\VC\Tools\MSVC\14.37.32822\include\ostream(449,39): message : 또는       'std::basic_ostream<char,std::char_traits<char>> &std::basic_ostream<char,std::char_traits<char>>::operator <<(const void *)'
C:\Program Files\Microsoft Visual Studio\2022\Community\VC\Tools\MSVC\14.37.32822\include\ostream(431,39): message : 또는       'std::basic_ostream<char,std::char_traits<char>> &std::basic_ostream<char,std::char_traits<char>>::operator <<(long double)'
C:\Program Files\Microsoft Visual Studio\2022\Community\VC\Tools\MSVC\14.37.32822\include\ostream(413,39): message : 또는       'std::basic_ostream<char,std::char_traits<char>> &std::basic_ostream<char,std::char_traits<char>>::operator <<(double)'
C:\Program Files\Microsoft Visual Studio\2022\Community\VC\Tools\MSVC\14.37.32822\include\ostream(395,39): message : 또는       'std::basic_ostream<char,std::char_traits<char>> &std::basic_ostream<char,std::char_traits<char>>::operator <<(float)'
C:\Program Files\Microsoft Visual Studio\2022\Community\VC\Tools\MSVC\14.37.32822\include\ostream(377,39): message : 또는       'std::basic_ostream<char,std::char_traits<char>> &std::basic_ostream<char,std::char_traits<char>>::operator <<(unsigned __int64)'
C:\Program Files\Microsoft Visual Studio\2022\Community\VC\Tools\MSVC\14.37.32822\include\ostream(359,39): message : 또는       'std::basic_ostream<char,std::char_traits<char>> &std::basic_ostream<char,std::char_traits<char>>::operator <<(__int64)'
C:\Program Files\Microsoft Visual Studio\2022\Community\VC\Tools\MSVC\14.37.32822\include\ostream(341,39): message : 또는       'std::basic_ostream<char,std::char_traits<char>> &std::basic_ostream<char,std::char_traits<char>>::operator <<(unsigned long)'
C:\Program Files\Microsoft Visual Studio\2022\Community\VC\Tools\MSVC\14.37.32822\include\ostream(323,39): message : 또는       'std::basic_ostream<char,std::char_traits<char>> &std::basic_ostream<char,std::char_traits<char>>::operator <<(long)'
C:\Program Files\Microsoft Visual Studio\2022\Community\VC\Tools\MSVC\14.37.32822\include\ostream(304,39): message : 또는       'std::basic_ostream<char,std::char_traits<char>> &std::basic_ostream<char,std::char_traits<char>>::operator <<(unsigned int)'
C:\Program Files\Microsoft Visual Studio\2022\Community\VC\Tools\MSVC\14.37.32822\include\ostream(278,39): message : 또는       'std::basic_ostream<char,std::char_traits<char>> &std::basic_ostream<char,std::char_traits<char>>::operator <<(int)'
C:\Program Files\Microsoft Visual Studio\2022\Community\VC\Tools\MSVC\14.37.32822\include\ostream(259,39): message : 또는       'std::basic_ostream<char,std::char_traits<char>> &std::basic_ostream<char,std::char_traits<char>>::operator <<(unsigned short)'
C:\Program Files\Microsoft Visual Studio\2022\Community\VC\Tools\MSVC\14.37.32822\include\ostream(225,39): message : 또는       'std::basic_ostream<char,std::char_traits<char>> &std::basic_ostream<char,std::char_traits<char>>::operator <<(short)'
C:\Program Files\Microsoft Visual Studio\2022\Community\VC\Tools\MSVC\14.37.32822\include\ostream(207,39): message : 또는       'std::basic_ostream<char,std::char_traits<char>> &std::basic_ostream<char,std::char_traits<char>>::operator <<(bool)'
C:\Program Files\Microsoft Visual Studio\2022\Community\VC\Tools\MSVC\14.37.32822\include\ostream(201,39): message : 또는       'std::basic_ostream<char,std::char_traits<char>> &std::basic_ostream<char,std::char_traits<char>>::operator <<(std::ios_base &(__cdecl *)(std::ios_base &))'
C:\Program Files\Microsoft Visual Studio\2022\Community\VC\Tools\MSVC\14.37.32822\include\ostream(195,39): message : 또는       'std::basic_ostream<char,std::char_traits<char>> &std::basic_ostream<char,std::char_traits<char>>::operator <<(std::basic_ios<char,std::char_traits<char>> &(__cdecl *)(std::basic_ios<char,std::char_traits<char>> &))'
C:\Program Files\Microsoft Visual Studio\2022\Community\VC\Tools\MSVC\14.37.32822\include\ostream(190,39): message : 또는       'std::basic_ostream<char,std::char_traits<char>> &std::basic_ostream<char,std::char_traits<char>>::operator <<(std::basic_ostream<char,std::char_traits<char>> &(__cdecl *)(std::basic_ostream<char,std::char_traits<char>> &))'
C:\Program Files\Microsoft Visual Studio\2022\Community\VC\Tools\MSVC\14.37.32822\include\ostream(1081,32): message : 또는       'std::basic_ostream<_Elem,_Traits> &std::operator <<(std::basic_ostream<_Elem,_Traits> &,const std::error_code &)'
C:\Users\Lenovo\Desktop\github\sf3_02\project_07\project_07.cpp(52,87): message : '초기화 중': 'void'에서 'const std::error_code &'(으)로 변환할 수 없습니다.
C:\Users\Lenovo\Desktop\github\sf3_02\project_07\project_07.cpp(52,87): message : void 형식의 식을 다른 형식으로 변환할 수 없습니다.
C:\Program Files\Microsoft Visual Studio\2022\Community\VC\Tools\MSVC\14.37.32822\include\ostream(1004,9): message : 또는       '_Ostr &&std::operator <<(_Ostr &&,const _Ty &)'
C:\Users\Lenovo\Desktop\github\sf3_02\project_07\project_07.cpp(52,18): message : '_Ostr &&std::operator <<(_Ostr &&,const _Ty &)': '__formal'의 템플릿 인수를 추론할 수 없습니다.
C:\Program Files\Microsoft Visual Studio\2022\Community\VC\Tools\MSVC\14.37.32822\include\ostream(946,31): message : 또는       'std::basic_ostream<char,_Traits> &std::operator <<(std::basic_ostream<char,_Traits> &,unsigned char)'
C:\Users\Lenovo\Desktop\github\sf3_02\project_07\project_07.cpp(52,87): message : '초기화 중': 'void'에서 'unsigned char'(으)로 변환할 수 없습니다.
C:\Users\Lenovo\Desktop\github\sf3_02\project_07\project_07.cpp(52,87): message : void 형식의 식을 다른 형식으로 변환할 수 없습니다.
C:\Program Files\Microsoft Visual Studio\2022\Community\VC\Tools\MSVC\14.37.32822\include\ostream(940,31): message : 또는       'std::basic_ostream<char,_Traits> &std::operator <<(std::basic_ostream<char,_Traits> &,const unsigned char *)'
C:\Users\Lenovo\Desktop\github\sf3_02\project_07\project_07.cpp(52,87): message : '초기화 중': 'void'에서 'const unsigned char *'(으)로 변환할 수 없습니다.
C:\Users\Lenovo\Desktop\github\sf3_02\project_07\project_07.cpp(52,87): message : void 형식의 식을 다른 형식으로 변환할 수 없습니다.
C:\Program Files\Microsoft Visual Studio\2022\Community\VC\Tools\MSVC\14.37.32822\include\ostream(935,31): message : 또는       'std::basic_ostream<char,_Traits> &std::operator <<(std::basic_ostream<char,_Traits> &,signed char)'
C:\Users\Lenovo\Desktop\github\sf3_02\project_07\project_07.cpp(52,87): message : '초기화 중': 'void'에서 'signed char'(으)로 변환할 수 없습니다.
C:\Users\Lenovo\Desktop\github\sf3_02\project_07\project_07.cpp(52,87): message : void 형식의 식을 다른 형식으로 변환할 수 없습니다.
C:\Program Files\Microsoft Visual Studio\2022\Community\VC\Tools\MSVC\14.37.32822\include\ostream(929,31): message : 또는       'std::basic_ostream<char,_Traits> &std::operator <<(std::basic_ostream<char,_Traits> &,const signed char *)'
C:\Users\Lenovo\Desktop\github\sf3_02\project_07\project_07.cpp(52,87): message : '초기화 중': 'void'에서 'const signed char *'(으)로 변환할 수 없습니다.
C:\Users\Lenovo\Desktop\github\sf3_02\project_07\project_07.cpp(52,87): message : void 형식의 식을 다른 형식으로 변환할 수 없습니다.
C:\Program Files\Microsoft Visual Studio\2022\Community\VC\Tools\MSVC\14.37.32822\include\ostream(893,32): message : 또는       'std::basic_ostream<_Elem,_Traits> &std::operator <<(std::basic_ostream<_Elem,_Traits> &,_Elem)'
C:\Users\Lenovo\Desktop\github\sf3_02\project_07\project_07.cpp(52,18): message : 'std::basic_ostream<_Elem,_Traits> &std::operator <<(std::basic_ostream<_Elem,_Traits> &,_Elem)': 템플릿 매개 변수 '_Elem'이(가) 모호합니다.
C:\Users\Lenovo\Desktop\github\sf3_02\project_07\project_07.cpp(52,18): message : 'void'일 수 있습니다.
C:\Users\Lenovo\Desktop\github\sf3_02\project_07\project_07.cpp(52,18): message : 또는      'char'
C:\Users\Lenovo\Desktop\github\sf3_02\project_07\project_07.cpp(52,18): message : 'std::basic_ostream<_Elem,_Traits> &std::operator <<(std::basic_ostream<_Elem,_Traits> &,_Elem)': 'void'에서 '_Elem'에 대한 템플릿 인수를 추론할 수 없습니다.
C:\Program Files\Microsoft Visual Studio\2022\Community\VC\Tools\MSVC\14.37.32822\include\ostream(850,32): message : 또는       'std::basic_ostream<_Elem,_Traits> &std::operator <<(std::basic_ostream<_Elem,_Traits> &,const _Elem *)'
C:\Users\Lenovo\Desktop\github\sf3_02\project_07\project_07.cpp(52,18): message : 'std::basic_ostream<_Elem,_Traits> &std::operator <<(std::basic_ostream<_Elem,_Traits> &,const _Elem *)': 'void'에서 'const _Elem *'에 대한 템플릿 인수를 추론할 수 없습니다.
C:\Program Files\Microsoft Visual Studio\2022\Community\VC\Tools\MSVC\14.37.32822\include\ostream(812,31): message : 또는       'std::basic_ostream<char,_Traits> &std::operator <<(std::basic_ostream<char,_Traits> &,char)'
C:\Users\Lenovo\Desktop\github\sf3_02\project_07\project_07.cpp(52,87): message : '초기화 중': 'void'에서 'char'(으)로 변환할 수 없습니다.
C:\Users\Lenovo\Desktop\github\sf3_02\project_07\project_07.cpp(52,87): message : void 형식의 식을 다른 형식으로 변환할 수 없습니다.
C:\Program Files\Microsoft Visual Studio\2022\Community\VC\Tools\MSVC\14.37.32822\include\ostream(767,31): message : 또는       'std::basic_ostream<char,_Traits> &std::operator <<(std::basic_ostream<char,_Traits> &,const char *)'
C:\Users\Lenovo\Desktop\github\sf3_02\project_07\project_07.cpp(52,87): message : '초기화 중': 'void'에서 'const char *'(으)로 변환할 수 없습니다.
C:\Users\Lenovo\Desktop\github\sf3_02\project_07\project_07.cpp(52,87): message : void 형식의 식을 다른 형식으로 변환할 수 없습니다.
C:\Program Files\Microsoft Visual Studio\2022\Community\VC\Tools\MSVC\14.37.32822\include\ostream(731,32): message : 또는       'std::basic_ostream<_Elem,_Traits> &std::operator <<(std::basic_ostream<_Elem,_Traits> &,char)'
C:\Users\Lenovo\Desktop\github\sf3_02\project_07\project_07.cpp(52,87): message : '초기화 중': 'void'에서 'char'(으)로 변환할 수 없습니다.
C:\Users\Lenovo\Desktop\github\sf3_02\project_07\project_07.cpp(52,87): message : void 형식의 식을 다른 형식으로 변환할 수 없습니다.
C:\Program Files\Microsoft Visual Studio\2022\Community\VC\Tools\MSVC\14.37.32822\include\ostream(687,32): message : 또는       'std::basic_ostream<_Elem,_Traits> &std::operator <<(std::basic_ostream<_Elem,_Traits> &,const char *)'
C:\Users\Lenovo\Desktop\github\sf3_02\project_07\project_07.cpp(52,87): message : '초기화 중': 'void'에서 'const char *'(으)로 변환할 수 없습니다.
C:\Users\Lenovo\Desktop\github\sf3_02\project_07\project_07.cpp(52,87): message : void 형식의 식을 다른 형식으로 변환할 수 없습니다.
C:\Program Files\Microsoft Visual Studio\2022\Community\VC\Tools\MSVC\14.37.32822\include\memory(3641,32): message : 또는       'std::basic_ostream<_Elem,_Traits> &std::operator <<(std::basic_ostream<_Elem,_Traits> &,const std::unique_ptr<_Ty2,_Dx2> &)'
C:\Users\Lenovo\Desktop\github\sf3_02\project_07\project_07.cpp(52,18): message : 'std::basic_ostream<_Elem,_Traits> &std::operator <<(std::basic_ostream<_Elem,_Traits> &,const std::unique_ptr<_Ty2,_Dx2> &)': 'void'에서 'const std::unique_ptr<_Ty2,_Dx2> &'에 대한 템플릿 인수를 추론할 수 없습니다.
C:\Program Files\Microsoft Visual Studio\2022\Community\VC\Tools\MSVC\14.37.32822\include\memory(1988,32): message : 또는       'std::basic_ostream<_Elem,_Traits> &std::operator <<(std::basic_ostream<_Elem,_Traits> &,const std::shared_ptr<_Ty> &)'
C:\Users\Lenovo\Desktop\github\sf3_02\project_07\project_07.cpp(52,18): message : 'std::basic_ostream<_Elem,_Traits> &std::operator <<(std::basic_ostream<_Elem,_Traits> &,const std::shared_ptr<_Ty> &)': 'void'에서 'const std::shared_ptr<_Ty> &'에 대한 템플릿 인수를 추론할 수 없습니다.
C:\Program Files\Microsoft Visual Studio\2022\Community\VC\Tools\MSVC\14.37.32822\include\xstring(5185,32): message : 또는       'std::basic_ostream<_Elem,_Traits> &std::operator <<(std::basic_ostream<_Elem,_Traits> &,const std::basic_string<_Elem,_Traits,_Alloc> &)'
C:\Users\Lenovo\Desktop\github\sf3_02\project_07\project_07.cpp(52,18): message : 'std::basic_ostream<_Elem,_Traits> &std::operator <<(std::basic_ostream<_Elem,_Traits> &,const std::basic_string<_Elem,_Traits,_Alloc> &)': 'void'에서 'const std::basic_string<_Elem,_Traits,_Alloc> &'에 대한 템플릿 인수를 추론할 수 없습니다.
C:\Users\Lenovo\Desktop\github\sf3_02\project_07\project_07.cpp(52,18): message : 인수 목록 '(std::basic_ostream<char,std::char_traits<char>>, void)'을(를) 일치시키는 동안
  코드를 생성하고 있습니다...
